[2025-12-17 18:30:52] production.ERROR: Database file at path [/home/runner/work/laravel-community/laravel-community/database/database.sqlite] does not exist. Ensure this is an absolute path to the database. {"exception":"[object] (Illuminate\\Database\\SQLiteDatabaseDoesNotExistException(code: 0): Database file at path [/home/runner/work/laravel-community/laravel-community/database/database.sqlite] does not exist. Ensure this is an absolute path to the database. at /home/runner/work/laravel-community/laravel-community/vendor/laravel/framework/src/Illuminate/Database/Connectors/SQLiteConnector.php:60)
[stacktrace]
#0 /home/runner/work/laravel-community/laravel-community/vendor/laravel/framework/src/Illuminate/Database/Connectors/SQLiteConnector.php(19): Illuminate\\Database\\Connectors\\SQLiteConnector->parseDatabasePath()
#1 /home/runner/work/laravel-community/laravel-community/vendor/laravel/framework/src/Illuminate/Database/Connectors/ConnectionFactory.php(223): Illuminate\\Database\\Connectors\\SQLiteConnector->connect()
#2 [internal function]: Illuminate\\Database\\Connectors\\ConnectionFactory->{closure:Illuminate\\Database\\Connectors\\ConnectionFactory::createPdoResolverWithoutHosts():223}()
#3 /home/runner/work/laravel-community/laravel-community/vendor/laravel/framework/src/Illuminate/Database/Connection.php(1236): call_user_func()
#4 /home/runner/work/laravel-community/laravel-community/app/Providers/AppServiceProvider.php(99): Illuminate\\Database\\Connection->getPdo()
#5 /home/runner/work/laravel-community/laravel-community/vendor/laravel/framework/src/Illuminate/Foundation/helpers.php(803): App\\Providers\\AppServiceProvider->{closure:App\\Providers\\AppServiceProvider::boot():99}()
#6 /home/runner/work/laravel-community/laravel-community/app/Providers/AppServiceProvider.php(99): rescue()
#7 /home/runner/work/laravel-community/laravel-community/vendor/laravel/framework/src/Illuminate/Container/BoundMethod.php(36): App\\Providers\\AppServiceProvider->boot()
#8 /home/runner/work/laravel-community/laravel-community/vendor/laravel/framework/src/Illuminate/Container/Util.php(43): Illuminate\\Container\\BoundMethod::{closure:Illuminate\\Container\\BoundMethod::call():35}()
#9 /home/runner/work/laravel-community/laravel-community/vendor/laravel/framework/src/Illuminate/Container/BoundMethod.php(96): Illuminate\\Container\\Util::unwrapIfClosure()
#10 /home/runner/work/laravel-community/laravel-community/vendor/laravel/framework/src/Illuminate/Container/BoundMethod.php(35): Illuminate\\Container\\BoundMethod::callBoundMethod()
#11 /home/runner/work/laravel-community/laravel-community/vendor/laravel/framework/src/Illuminate/Container/Container.php(799): Illuminate\\Container\\BoundMethod::call()
#12 /home/runner/work/laravel-community/laravel-community/vendor/laravel/framework/src/Illuminate/Foundation/Application.php(1151): Illuminate\\Container\\Container->call()
#13 /home/runner/work/laravel-community/laravel-community/vendor/laravel/framework/src/Illuminate/Foundation/Application.php(1132): Illuminate\\Foundation\\Application->bootProvider()
#14 [internal function]: Illuminate\\Foundation\\Application->{closure:Illuminate\\Foundation\\Application::boot():1131}()
#15 /home/runner/work/laravel-community/laravel-community/vendor/laravel/framework/src/Illuminate/Foundation/Application.php(1131): array_walk()
#16 /home/runner/work/laravel-community/laravel-community/vendor/laravel/framework/src/Illuminate/Foundation/Bootstrap/BootProviders.php(17): Illuminate\\Foundation\\Application->boot()
#17 /home/runner/work/laravel-community/laravel-community/vendor/laravel/framework/src/Illuminate/Foundation/Application.php(342): Illuminate\\Foundation\\Bootstrap\\BootProviders->bootstrap()
#18 /home/runner/work/laravel-community/laravel-community/vendor/laravel/framework/src/Illuminate/Foundation/Console/Kernel.php(484): Illuminate\\Foundation\\Application->bootstrapWith()
#19 /home/runner/work/laravel-community/laravel-community/vendor/laravel/framework/src/Illuminate/Foundation/Console/Kernel.php(195): Illuminate\\Foundation\\Console\\Kernel->bootstrap()
#20 /home/runner/work/laravel-community/laravel-community/vendor/laravel/framework/src/Illuminate/Foundation/Application.php(1235): Illuminate\\Foundation\\Console\\Kernel->handle()
#21 /home/runner/work/laravel-community/laravel-community/artisan(16): Illuminate\\Foundation\\Application->handleCommand()
#22 {main}
"} {"request_id":"30e1591a-f118-4f4c-a6c0-b5555c3b33d9"}
[2025-12-17 18:30:53] production.ERROR: Database file at path [/home/runner/work/laravel-community/laravel-community/database/database.sqlite] does not exist. Ensure this is an absolute path to the database. {"exception":"[object] (Illuminate\\Database\\SQLiteDatabaseDoesNotExistException(code: 0): Database file at path [/home/runner/work/laravel-community/laravel-community/database/database.sqlite] does not exist. Ensure this is an absolute path to the database. at /home/runner/work/laravel-community/laravel-community/vendor/laravel/framework/src/Illuminate/Database/Connectors/SQLiteConnector.php:60)
[stacktrace]
#0 /home/runner/work/laravel-community/laravel-community/vendor/laravel/framework/src/Illuminate/Database/Connectors/SQLiteConnector.php(19): Illuminate\\Database\\Connectors\\SQLiteConnector->parseDatabasePath()
#1 /home/runner/work/laravel-community/laravel-community/vendor/laravel/framework/src/Illuminate/Database/Connectors/ConnectionFactory.php(223): Illuminate\\Database\\Connectors\\SQLiteConnector->connect()
#2 [internal function]: Illuminate\\Database\\Connectors\\ConnectionFactory->{closure:Illuminate\\Database\\Connectors\\ConnectionFactory::createPdoResolverWithoutHosts():223}()
#3 /home/runner/work/laravel-community/laravel-community/vendor/laravel/framework/src/Illuminate/Database/Connection.php(1236): call_user_func()
#4 /home/runner/work/laravel-community/laravel-community/app/Providers/AppServiceProvider.php(99): Illuminate\\Database\\Connection->getPdo()
#5 /home/runner/work/laravel-community/laravel-community/vendor/laravel/framework/src/Illuminate/Foundation/helpers.php(803): App\\Providers\\AppServiceProvider->{closure:App\\Providers\\AppServiceProvider::boot():99}()
#6 /home/runner/work/laravel-community/laravel-community/app/Providers/AppServiceProvider.php(99): rescue()
#7 /home/runner/work/laravel-community/laravel-community/vendor/laravel/framework/src/Illuminate/Container/BoundMethod.php(36): App\\Providers\\AppServiceProvider->boot()
#8 /home/runner/work/laravel-community/laravel-community/vendor/laravel/framework/src/Illuminate/Container/Util.php(43): Illuminate\\Container\\BoundMethod::{closure:Illuminate\\Container\\BoundMethod::call():35}()
#9 /home/runner/work/laravel-community/laravel-community/vendor/laravel/framework/src/Illuminate/Container/BoundMethod.php(96): Illuminate\\Container\\Util::unwrapIfClosure()
#10 /home/runner/work/laravel-community/laravel-community/vendor/laravel/framework/src/Illuminate/Container/BoundMethod.php(35): Illuminate\\Container\\BoundMethod::callBoundMethod()
#11 /home/runner/work/laravel-community/laravel-community/vendor/laravel/framework/src/Illuminate/Container/Container.php(799): Illuminate\\Container\\BoundMethod::call()
#12 /home/runner/work/laravel-community/laravel-community/vendor/laravel/framework/src/Illuminate/Foundation/Application.php(1151): Illuminate\\Container\\Container->call()
#13 /home/runner/work/laravel-community/laravel-community/vendor/laravel/framework/src/Illuminate/Foundation/Application.php(1132): Illuminate\\Foundation\\Application->bootProvider()
#14 [internal function]: Illuminate\\Foundation\\Application->{closure:Illuminate\\Foundation\\Application::boot():1131}()
#15 /home/runner/work/laravel-community/laravel-community/vendor/laravel/framework/src/Illuminate/Foundation/Application.php(1131): array_walk()
#16 /home/runner/work/laravel-community/laravel-community/vendor/laravel/framework/src/Illuminate/Foundation/Bootstrap/BootProviders.php(17): Illuminate\\Foundation\\Application->boot()
#17 /home/runner/work/laravel-community/laravel-community/vendor/laravel/framework/src/Illuminate/Foundation/Application.php(342): Illuminate\\Foundation\\Bootstrap\\BootProviders->bootstrap()
#18 /home/runner/work/laravel-community/laravel-community/vendor/laravel/framework/src/Illuminate/Foundation/Console/Kernel.php(484): Illuminate\\Foundation\\Application->bootstrapWith()
#19 /home/runner/work/laravel-community/laravel-community/vendor/laravel/framework/src/Illuminate/Foundation/Console/Kernel.php(195): Illuminate\\Foundation\\Console\\Kernel->bootstrap()
#20 /home/runner/work/laravel-community/laravel-community/vendor/laravel/framework/src/Illuminate/Foundation/Application.php(1235): Illuminate\\Foundation\\Console\\Kernel->handle()
#21 /home/runner/work/laravel-community/laravel-community/artisan(16): Illuminate\\Foundation\\Application->handleCommand()
#22 {main}
"} {"request_id":"a0bf4bbf-dff6-48ed-b5ca-78c765c4ad64"}
[2025-12-17 18:30:53] production.ERROR: Database file at path [/home/runner/work/laravel-community/laravel-community/database/database.sqlite] does not exist. Ensure this is an absolute path to the database. {"exception":"[object] (Illuminate\\Database\\SQLiteDatabaseDoesNotExistException(code: 0): Database file at path [/home/runner/work/laravel-community/laravel-community/database/database.sqlite] does not exist. Ensure this is an absolute path to the database. at /home/runner/work/laravel-community/laravel-community/vendor/laravel/framework/src/Illuminate/Database/Connectors/SQLiteConnector.php:60)
[stacktrace]
#0 /home/runner/work/laravel-community/laravel-community/vendor/laravel/framework/src/Illuminate/Database/Connectors/SQLiteConnector.php(19): Illuminate\\Database\\Connectors\\SQLiteConnector->parseDatabasePath()
#1 /home/runner/work/laravel-community/laravel-community/vendor/laravel/framework/src/Illuminate/Database/Connectors/ConnectionFactory.php(223): Illuminate\\Database\\Connectors\\SQLiteConnector->connect()
#2 [internal function]: Illuminate\\Database\\Connectors\\ConnectionFactory->{closure:Illuminate\\Database\\Connectors\\ConnectionFactory::createPdoResolverWithoutHosts():223}()
#3 /home/runner/work/laravel-community/laravel-community/vendor/laravel/framework/src/Illuminate/Database/Connection.php(1236): call_user_func()
#4 /home/runner/work/laravel-community/laravel-community/app/Providers/AppServiceProvider.php(99): Illuminate\\Database\\Connection->getPdo()
#5 /home/runner/work/laravel-community/laravel-community/vendor/laravel/framework/src/Illuminate/Foundation/helpers.php(803): App\\Providers\\AppServiceProvider->{closure:App\\Providers\\AppServiceProvider::boot():99}()
#6 /home/runner/work/laravel-community/laravel-community/app/Providers/AppServiceProvider.php(99): rescue()
#7 /home/runner/work/laravel-community/laravel-community/vendor/laravel/framework/src/Illuminate/Container/BoundMethod.php(36): App\\Providers\\AppServiceProvider->boot()
#8 /home/runner/work/laravel-community/laravel-community/vendor/laravel/framework/src/Illuminate/Container/Util.php(43): Illuminate\\Container\\BoundMethod::{closure:Illuminate\\Container\\BoundMethod::call():35}()
#9 /home/runner/work/laravel-community/laravel-community/vendor/laravel/framework/src/Illuminate/Container/BoundMethod.php(96): Illuminate\\Container\\Util::unwrapIfClosure()
#10 /home/runner/work/laravel-community/laravel-community/vendor/laravel/framework/src/Illuminate/Container/BoundMethod.php(35): Illuminate\\Container\\BoundMethod::callBoundMethod()
#11 /home/runner/work/laravel-community/laravel-community/vendor/laravel/framework/src/Illuminate/Container/Container.php(799): Illuminate\\Container\\BoundMethod::call()
#12 /home/runner/work/laravel-community/laravel-community/vendor/laravel/framework/src/Illuminate/Foundation/Application.php(1151): Illuminate\\Container\\Container->call()
#13 /home/runner/work/laravel-community/laravel-community/vendor/laravel/framework/src/Illuminate/Foundation/Application.php(1132): Illuminate\\Foundation\\Application->bootProvider()
#14 [internal function]: Illuminate\\Foundation\\Application->{closure:Illuminate\\Foundation\\Application::boot():1131}()
#15 /home/runner/work/laravel-community/laravel-community/vendor/laravel/framework/src/Illuminate/Foundation/Application.php(1131): array_walk()
#16 /home/runner/work/laravel-community/laravel-community/vendor/laravel/framework/src/Illuminate/Foundation/Bootstrap/BootProviders.php(17): Illuminate\\Foundation\\Application->boot()
#17 /home/runner/work/laravel-community/laravel-community/vendor/laravel/framework/src/Illuminate/Foundation/Application.php(342): Illuminate\\Foundation\\Bootstrap\\BootProviders->bootstrap()
#18 /home/runner/work/laravel-community/laravel-community/vendor/laravel/framework/src/Illuminate/Foundation/Console/Kernel.php(484): Illuminate\\Foundation\\Application->bootstrapWith()
#19 /home/runner/work/laravel-community/laravel-community/vendor/laravel/framework/src/Illuminate/Foundation/Console/Kernel.php(195): Illuminate\\Foundation\\Console\\Kernel->bootstrap()
#20 /home/runner/work/laravel-community/laravel-community/vendor/laravel/framework/src/Illuminate/Foundation/Application.php(1235): Illuminate\\Foundation\\Console\\Kernel->handle()
#21 /home/runner/work/laravel-community/laravel-community/artisan(16): Illuminate\\Foundation\\Application->handleCommand()
#22 {main}
"} {"request_id":"75ba82c5-02e2-4d43-9021-fa46664b4624"}
